0 info it worked if it ends with ok
1 verbose cli [ '/home/Kai/.nvm/versions/node/v6.14.2/bin/node',
1 verbose cli   '/home/Kai/.nvm/versions/node/v6.14.2/bin/npm',
1 verbose cli   'start' ]
2 info using npm@3.10.10
3 info using node@v6.14.2
4 verbose run-script [ 'prestart', 'start', 'poststart' ]
5 info lifecycle mgb@0.1.0~prestart: mgb@0.1.0
6 silly lifecycle mgb@0.1.0~prestart: no script for prestart, continuing
7 info lifecycle mgb@0.1.0~start: mgb@0.1.0
8 verbose lifecycle mgb@0.1.0~start: unsafe-perm in lifecycle true
9 verbose lifecycle mgb@0.1.0~start: PATH: /home/Kai/.nvm/versions/node/v6.14.2/lib/node_modules/npm/bin/node-gyp-bin:/mnt/c/Users/Lou-Saydus/Documents/Dev/mgb/code13/app/node_modules/.bin:/home/Kai/bin:/home/Kai/.local/bin:/home/Kai/.nvm/versions/node/v6.14.2/bin:/usr/local/sbin:/usr/local/bin:/usr/sbin:/usr/bin:/sbin:/bin:/usr/games:/usr/local/games:/mnt/c/Windows/System32:/mnt/c/Windows:/mnt/c/Windows/System32/wbem:/mnt/c/Windows/System32/WindowsPowerShell/v1.0:/mnt/c/Program Files (x86)/Google/Chrome/Application:/mnt/c/Program Files (x86)/GtkSharp/2.12/bin:/mnt/c/Program Files (x86)/Google/Chrome/Application:/mnt/c/Windows/System32:/mnt/c/Windows/System32/wbem:/mnt/c/Windows/System32/WindowsPowerShell/v1.0:/mnt/c/Program Files (x86)/NVIDIA Corporation/PhysX/Common:/mnt/c/Python27:/mnt/c/Windows/System32:/mnt/c/Windows:/mnt/c/Windows/System32/wbem:/mnt/c/Windows/System32/WindowsPowerShell/v1.0:/mnt/c/Program Files/nodejs:/mnt/c/Program Files/Git/cmd:/mnt/c/Program Files/Git/mingw64/bin:/mnt/c/Program Files/Git/usr/bin:/mnt/c/ProgramData/chocolatey/bin:/mnt/c/Program Files (x86)/Google/Chrome/Application:/mnt/c/Windows/System32:/mnt/c/Windows:/mnt/c/Windows/System32/wbem:/mnt/c/Windows/System32/WindowsPowerShell/v1.0:/mnt/c/Python27:/mnt/c/Users/Lou-Saydus/AppData/Local/atom/bin:/mnt/c/Users/Lou-Saydus/AppData/Local/Microsoft/WindowsApps:/mnt/c/Users/Lou-Saydus/AppData/Roaming/npm:/mnt/g/Program Files/Microsoft VS Code/bin:/snap/bin
10 verbose lifecycle mgb@0.1.0~start: CWD: /mnt/c/Users/Lou-Saydus/Documents/Dev/mgb/code13/app
11 silly lifecycle mgb@0.1.0~start: Args: [ '-c', 'sh ./go.sh' ]
12 silly lifecycle mgb@0.1.0~start: Returned: code: 1  signal: null
13 info lifecycle mgb@0.1.0~start: Failed to exec start script
14 verbose stack Error: mgb@0.1.0 start: `sh ./go.sh`
14 verbose stack Exit status 1
14 verbose stack     at EventEmitter.<anonymous> (/home/Kai/.nvm/versions/node/v6.14.2/lib/node_modules/npm/lib/utils/lifecycle.js:255:16)
14 verbose stack     at emitTwo (events.js:106:13)
14 verbose stack     at EventEmitter.emit (events.js:191:7)
14 verbose stack     at ChildProcess.<anonymous> (/home/Kai/.nvm/versions/node/v6.14.2/lib/node_modules/npm/lib/utils/spawn.js:40:14)
14 verbose stack     at emitTwo (events.js:106:13)
14 verbose stack     at ChildProcess.emit (events.js:191:7)
14 verbose stack     at maybeClose (internal/child_process.js:920:16)
14 verbose stack     at Process.ChildProcess._handle.onexit (internal/child_process.js:230:5)
15 verbose pkgid mgb@0.1.0
16 verbose cwd /mnt/c/Users/Lou-Saydus/Documents/Dev/mgb/code13/app
17 error Linux 4.4.0-43-Microsoft
18 error argv "/home/Kai/.nvm/versions/node/v6.14.2/bin/node" "/home/Kai/.nvm/versions/node/v6.14.2/bin/npm" "start"
19 error node v6.14.2
20 error npm  v3.10.10
21 error code ELIFECYCLE
22 error mgb@0.1.0 start: `sh ./go.sh`
22 error Exit status 1
23 error Failed at the mgb@0.1.0 start script 'sh ./go.sh'.
23 error Make sure you have the latest version of node.js and npm installed.
23 error If you do, this is most likely a problem with the mgb package,
23 error not with npm itself.
23 error Tell the author that this fails on your system:
23 error     sh ./go.sh
23 error You can get information on how to open an issue for this project with:
23 error     npm bugs mgb
23 error Or if that isn't available, you can get their info via:
23 error     npm owner ls mgb
23 error There is likely additional logging output above.
24 verbose exit [ 1, true ]
